[2025-06-18 08:54:29,468] INFO  facenet.car_management.CarManagementApplication - Starting CarManagementApplication using Java 17.0.12 with PID 6408 (C:\Users\ngman\Downloads\car_management\target\classes started by ngman in C:\Users\ngman\Downloads\car_management)
[2025-06-18 08:54:29,483] INFO  facenet.car_management.CarManagementApplication - No active profile set, falling back to 1 default profile: "default"
[2025-06-18 08:54:30,424] INFO  org.springframework.data.repository.config.RepositoryConfigurationDelegate - Bootstrapping Spring Data JPA repositories in DEFAULT mode.
[2025-06-18 08:54:30,515] INFO  org.springframework.data.repository.config.RepositoryConfigurationDelegate - Finished Spring Data repository scanning in 82 ms. Found 7 JPA repository interfaces.
[2025-06-18 08:54:31,019] INFO  org.springframework.boot.web.embedded.tomcat.TomcatWebServer - Tomcat initialized with port 8089 (http)
[2025-06-18 08:54:31,034] INFO  org.apache.coyote.http11.Http11NioProtocol - Initializing ProtocolHandler ["http-nio-8089"]
[2025-06-18 08:54:31,037] INFO  org.apache.catalina.core.StandardService - Starting service [Tomcat]
[2025-06-18 08:54:31,038] INFO  org.apache.catalina.core.StandardEngine - Starting Servlet engine: [Apache Tomcat/10.1.41]
[2025-06-18 08:54:31,108] INFO  org.apache.catalina.core.ContainerBase.[Tomcat].[localhost].[/] - Initializing Spring embedded WebApplicationContext
[2025-06-18 08:54:31,109] INFO  org.springframework.boot.web.servlet.context.ServletWebServerApplicationContext - Root WebApplicationContext: initialization completed in 1578 ms
[2025-06-18 08:54:31,303] INFO  org.hibernate.jpa.internal.util.LogHelper - HHH000204: Processing PersistenceUnitInfo [name: default]
[2025-06-18 08:54:31,375] INFO  org.hibernate.Version - HHH000412: Hibernate ORM core version 6.6.15.Final
[2025-06-18 08:54:31,411] INFO  org.hibernate.cache.internal.RegionFactoryInitiator - HHH000026: Second-level cache disabled
[2025-06-18 08:54:31,712] INFO  org.springframework.orm.jpa.persistenceunit.SpringPersistenceUnitInfo - No LoadTimeWeaver setup: ignoring JPA class transformer
[2025-06-18 08:54:31,745] INFO  com.zaxxer.hikari.HikariDataSource - HikariPool-1 - Starting...
[2025-06-18 08:54:31,841] INFO  com.zaxxer.hikari.pool.HikariPool - HikariPool-1 - Added connection org.mariadb.jdbc.Connection@6644bdf5
[2025-06-18 08:54:31,843] INFO  com.zaxxer.hikari.HikariDataSource - HikariPool-1 - Start completed.
[2025-06-18 08:54:31,879] WARN  org.hibernate.orm.deprecation - HHH90000025: MariaDBDialect does not need to be specified explicitly using 'hibernate.dialect' (remove the property setting and it will be selected by default)
[2025-06-18 08:54:31,898] INFO  org.hibernate.orm.connections.pooling - HHH10001005: Database info:
	Database JDBC URL [Connecting through datasource 'HikariDataSource (HikariPool-1)']
	Database driver: undefined/unknown
	Database version: 11.8.2
	Autocommit mode: undefined/unknown
	Isolation level: undefined/unknown
	Minimum pool size: undefined/unknown
	Maximum pool size: undefined/unknown
[2025-06-18 08:54:33,018] INFO  org.hibernate.engine.transaction.jta.platform.internal.JtaPlatformInitiator - HHH000489: No JTA platform available (set 'hibernate.transaction.jta.platform' to enable JTA platform integration)
[2025-06-18 08:54:33,111] INFO  org.springframework.orm.jpa.LocalContainerEntityManagerFactoryBean - Initialized JPA EntityManagerFactory for persistence unit 'default'
[2025-06-18 08:54:33,384] INFO  org.springframework.data.jpa.repository.query.QueryEnhancerFactory - Hibernate is in classpath; If applicable, HQL parser will be used.
[2025-06-18 08:54:34,281] WARN  org.springframework.boot.autoconfigure.orm.jpa.JpaBaseConfiguration$JpaWebConfiguration - spring.jpa.open-in-view is enabled by default. Therefore, database queries may be performed during view rendering. Explicitly configure spring.jpa.open-in-view to disable this warning
[2025-06-18 08:54:34,324] INFO  org.springframework.validation.beanvalidation.OptionalValidatorFactoryBean - Failed to set up a Bean Validation provider: jakarta.validation.NoProviderFoundException: Unable to create a Configuration, because no Jakarta Bean Validation provider could be found. Add a provider like Hibernate Validator (RI) to your classpath.
[2025-06-18 08:54:34,735] INFO  org.apache.coyote.http11.Http11NioProtocol - Starting ProtocolHandler ["http-nio-8089"]
[2025-06-18 08:54:34,754] INFO  org.springframework.boot.web.embedded.tomcat.TomcatWebServer - Tomcat started on port 8089 (http) with context path '/'
[2025-06-18 08:54:34,766] INFO  facenet.car_management.CarManagementApplication - Started CarManagementApplication in 5.803 seconds (process running for 7.089)
[2025-06-18 09:05:53,724] INFO  org.apache.catalina.core.ContainerBase.[Tomcat].[localhost].[/] - Initializing Spring DispatcherServlet 'dispatcherServlet'
[2025-06-18 09:05:53,724] INFO  org.springframework.web.servlet.DispatcherServlet - Initializing Servlet 'dispatcherServlet'
[2025-06-18 09:05:53,724] INFO  org.springframework.web.servlet.DispatcherServlet - Completed initialization in 0 ms
[2025-06-18 09:05:53,829] INFO  facenet.car_management.facenet_car_db.ThuongHieu - Bắt đầu tạo bản ghi thương hiệu mới
[2025-06-18 09:06:57,768] INFO  facenet.car_management.facenet_car_db.ThuongHieu - Lấy ra các bản ghi trong db
[2025-06-18 09:06:57,813] INFO  facenet.car_management.facenet_car_db.ThuongHieu - Lấy ra thành công, chuyển sang DTO và trả về
[2025-06-18 09:07:51,245] INFO  facenet.car_management.facenet_car_db.ThuongHieu - Lấy thông tin brand bằng tên hãng 
[2025-06-18 09:07:51,254] INFO  facenet.car_management.facenet_car_db.ThuongHieu - Lấy thành công, chuyển sang DTO và return
[2025-06-18 09:08:46,521] INFO  facenet.car_management.facenet_car_db.ThuongHieu - Lấy ra bản ghi hiện tại bằng tên hãng xe
[2025-06-18 09:09:37,440] INFO  facenet.car_management.facenet_car_db.ThuongHieu - Xóa brand trong bảng ảnh
[2025-06-18 09:09:37,705] INFO  facenet.car_management.facenet_car_db.ThuongHieu - xóa hết brand
[2025-06-18 09:13:51,426] INFO  org.springframework.boot.web.embedded.tomcat.GracefulShutdown - Commencing graceful shutdown. Waiting for active requests to complete
[2025-06-18 09:13:51,689] INFO  org.springframework.boot.web.embedded.tomcat.GracefulShutdown - Graceful shutdown complete
[2025-06-18 09:13:51,695] INFO  org.springframework.orm.jpa.LocalContainerEntityManagerFactoryBean - Closing JPA EntityManagerFactory for persistence unit 'default'
[2025-06-18 09:13:51,696] INFO  com.zaxxer.hikari.HikariDataSource - HikariPool-1 - Shutdown initiated...
[2025-06-18 09:13:51,696] INFO  com.zaxxer.hikari.HikariDataSource - HikariPool-1 - Shutdown completed.
